[2021-04-13 11:27:06.897] [renderer1] [error] Failed to execute git
[2021-04-13 11:29:07.514] [renderer1] [error] Cannot read property 'find' of undefined: TypeError: Cannot read property 'find' of undefined
	at t.DefaultCompletionItemProvider.provideCompletionItemsInternal (/usr/share/code/resources/app/extensions/emmet/dist/node/emmetNodeMain.js:1:61065)
	at t.DefaultCompletionItemProvider.provideCompletionItems (/usr/share/code/resources/app/extensions/emmet/dist/node/emmetNodeMain.js:1:59521)
	at /usr/share/code/resources/app/out/vs/workbench/services/extensions/node/extensionHostProcess.js:86:170887
	at /usr/share/code/resources/app/out/vs/workbench/services/extensions/node/extensionHostProcess.js:64:12046
	at new Promise (<anonymous>)
	at g (/usr/share/code/resources/app/out/vs/workbench/services/extensions/node/extensionHostProcess.js:64:12018)
	at M.provideCompletionItems (/usr/share/code/resources/app/out/vs/workbench/services/extensions/node/extensionHostProcess.js:86:170867)
	at /usr/share/code/resources/app/out/vs/workbench/services/extensions/node/extensionHostProcess.js:86:189350
	at Ie._withAdapter (/usr/share/code/resources/app/out/vs/workbench/services/extensions/node/extensionHostProcess.js:86:179343)
	at Ie.$provideCompletionItems (/usr/share/code/resources/app/out/vs/workbench/services/extensions/node/extensionHostProcess.js:86:189326)
	at u._doInvokeHandler (/usr/share/code/resources/app/out/vs/workbench/services/extensions/node/extensionHostProcess.js:90:12794)
	at u._invokeHandler (/usr/share/code/resources/app/out/vs/workbench/services/extensions/node/extensionHostProcess.js:90:12478)
	at u._receiveRequest (/usr/share/code/resources/app/out/vs/workbench/services/extensions/node/extensionHostProcess.js:90:11094)
	at u._receiveOneMessage (/usr/share/code/resources/app/out/vs/workbench/services/extensions/node/extensionHostProcess.js:90:9931)
	at /usr/share/code/resources/app/out/vs/workbench/services/extensions/node/extensionHostProcess.js:90:8032
	at _.fire (/usr/share/code/resources/app/out/vs/workbench/services/extensions/node/extensionHostProcess.js:57:1836)
	at E.fire (/usr/share/code/resources/app/out/vs/workbench/services/extensions/node/extensionHostProcess.js:65:15496)
	at /usr/share/code/resources/app/out/vs/workbench/services/extensions/node/extensionHostProcess.js:105:30083
	at _.fire (/usr/share/code/resources/app/out/vs/workbench/services/extensions/node/extensionHostProcess.js:57:1836)
	at E.fire (/usr/share/code/resources/app/out/vs/workbench/services/extensions/node/extensionHostProcess.js:65:15496)
	at t._receiveMessage (/usr/share/code/resources/app/out/vs/workbench/services/extensions/node/extensionHostProcess.js:65:20754)
	at /usr/share/code/resources/app/out/vs/workbench/services/extensions/node/extensionHostProcess.js:65:17640
	at _.fire (/usr/share/code/resources/app/out/vs/workbench/services/extensions/node/extensionHostProcess.js:57:1836)
	at acceptChunk (/usr/share/code/resources/app/out/vs/workbench/services/extensions/node/extensionHostProcess.js:65:12861)
	at /usr/share/code/resources/app/out/vs/workbench/services/extensions/node/extensionHostProcess.js:65:12209
	at Socket.w (/usr/share/code/resources/app/out/vs/workbench/services/extensions/node/extensionHostProcess.js:105:13173)
	at Socket.emit (events.js:315:20)
	at addChunk (_stream_readable.js:295:12)
	at readableAddChunk (_stream_readable.js:271:9)
	at Socket.Readable.push (_stream_readable.js:212:10)
	at Pipe.onStreamRead (internal/stream_base_commons.js:186:23)
[2021-04-13 12:09:59.697] [renderer1] [warning] Webgl could not be loaded. Falling back to the canvas renderer type. {}
[2021-04-13 14:20:19.872] [renderer1] [error] Failed to execute git
[2021-04-13 14:25:20.821] [renderer1] [error] Failed to execute git
[2021-04-13 14:27:10.826] [renderer1] [error] Failed to execute git
[2021-04-13 14:27:24.086] [renderer1] [error] Failed to execute git
[2021-04-13 14:28:27.312] [renderer1] [error] Failed to execute git
[2021-04-13 14:38:35.804] [renderer1] [error] Failed to execute git
[2021-04-13 14:38:41.536] [renderer1] [error] Failed to execute git
[2021-04-13 14:40:30.542] [renderer1] [error] Failed to execute git
[2021-04-13 14:42:56.996] [renderer1] [error] Failed to execute git
[2021-04-13 14:53:29.178] [renderer1] [error] Failed to execute git
[2021-04-13 14:55:47.434] [renderer1] [error] Failed to execute git
[2021-04-13 17:09:15.797] [renderer1] [error] Failed to execute git
