[2021-04-13 17:30:41.350] [exthost] [info] extension host started
[2021-04-13 17:30:41.350] [exthost] [info] ExtensionService#_doActivateExtension vscode.microsoft-authentication {"startup":false,"extensionId":{"value":"vscode.microsoft-authentication","_lower":"vscode.microsoft-authentication"},"activationEvent":"onAuthenticationRequest:microsoft"}
[2021-04-13 17:30:41.350] [exthost] [info] ExtensionService#loadCommonJSModule file:///usr/share/code/resources/app/extensions/microsoft-authentication/dist/extension.js
[2021-04-13 17:30:41.350] [exthost] [info] ExtensionService#_doActivateExtension vscode.php-language-features {"startup":false,"extensionId":{"value":"vscode.php-language-features","_lower":"vscode.php-language-features"},"activationEvent":"onLanguage:php"}
[2021-04-13 17:30:41.350] [exthost] [info] ExtensionService#loadCommonJSModule file:///usr/share/code/resources/app/extensions/php-language-features/dist/phpMain
[2021-04-13 17:30:41.350] [exthost] [info] ExtensionService#_doActivateExtension bmewburn.vscode-intelephense-client {"startup":false,"extensionId":{"value":"bmewburn.vscode-intelephense-client","_lower":"bmewburn.vscode-intelephense-client"},"activationEvent":"onLanguage:php"}
[2021-04-13 17:30:41.350] [exthost] [info] ExtensionService#loadCommonJSModule file:///root/.vscode/extensions/bmewburn.vscode-intelephense-client-1.6.3/lib/extension
[2021-04-13 17:30:41.350] [exthost] [info] ExtensionService#_doActivateExtension vscode.debug-auto-launch {"startup":true,"extensionId":{"value":"vscode.debug-auto-launch","_lower":"vscode.debug-auto-launch"},"activationEvent":"*"}
[2021-04-13 17:30:41.350] [exthost] [info] ExtensionService#loadCommonJSModule file:///usr/share/code/resources/app/extensions/debug-auto-launch/dist/extension
[2021-04-13 17:30:41.350] [exthost] [info] ExtensionService#_doActivateExtension vscode.git {"startup":true,"extensionId":{"value":"vscode.github","_lower":"vscode.github"},"activationEvent":"*"}
[2021-04-13 17:30:41.350] [exthost] [info] ExtensionService#loadCommonJSModule file:///usr/share/code/resources/app/extensions/git/dist/main
[2021-04-13 17:30:41.891] [exthost] [info] ExtensionService#_doActivateExtension vscode.github {"startup":true,"extensionId":{"value":"vscode.github","_lower":"vscode.github"},"activationEvent":"*"}
[2021-04-13 17:30:41.891] [exthost] [info] ExtensionService#loadCommonJSModule file:///usr/share/code/resources/app/extensions/github/dist/extension.js
[2021-04-13 17:30:41.937] [exthost] [info] ExtensionService#_doActivateExtension ms-vscode.js-debug {"startup":false,"extensionId":{"value":"ms-vscode.js-debug","_lower":"ms-vscode.js-debug"},"activationEvent":"onCommand:extension.js-debug.clearAutoAttachVariables"}
[2021-04-13 17:30:41.937] [exthost] [info] ExtensionService#loadCommonJSModule file:///usr/share/code/resources/app/extensions/ms-vscode.js-debug/src/extension.js
[2021-04-13 17:30:42.278] [exthost] [info] eager extensions activated
[2021-04-13 17:30:42.347] [exthost] [info] ExtensionService#_doActivateExtension vscode.github-authentication {"startup":false,"extensionId":{"value":"vscode.github-authentication","_lower":"vscode.github-authentication"},"activationEvent":"onAuthenticationRequest:github"}
[2021-04-13 17:30:42.347] [exthost] [info] ExtensionService#loadCommonJSModule file:///usr/share/code/resources/app/extensions/github-authentication/dist/extension.js
[2021-04-13 17:30:42.398] [exthost] [info] ExtensionService#_doActivateExtension vscode.emmet {"startup":false,"extensionId":{"value":"vscode.emmet","_lower":"vscode.emmet"},"activationEvent":"onStartupFinished"}
[2021-04-13 17:30:42.398] [exthost] [info] ExtensionService#loadCommonJSModule file:///usr/share/code/resources/app/extensions/emmet/dist/node/emmetNodeMain
[2021-04-13 17:30:42.461] [exthost] [info] ExtensionService#_doActivateExtension vscode.merge-conflict {"startup":false,"extensionId":{"value":"vscode.merge-conflict","_lower":"vscode.merge-conflict"},"activationEvent":"onStartupFinished"}
[2021-04-13 17:30:42.461] [exthost] [info] ExtensionService#loadCommonJSModule file:///usr/share/code/resources/app/extensions/merge-conflict/dist/mergeConflictMain
[2021-04-13 17:30:42.761] [exthost] [info] ExtensionService#_doActivateExtension vscode.testing-editor-contributions {"startup":false,"extensionId":{"value":"vscode.testing-editor-contributions","_lower":"vscode.testing-editor-contributions"},"activationEvent":"onStartupFinished"}
[2021-04-13 17:30:42.764] [exthost] [info] ExtensionService#loadCommonJSModule file:///usr/share/code/resources/app/extensions/testing-editor-contributions/dist/extension.js
[2021-04-13 17:30:43.021] [exthost] [info] ExtensionService#_doActivateExtension esbenp.prettier-vscode {"startup":false,"extensionId":{"value":"esbenp.prettier-vscode","_lower":"esbenp.prettier-vscode"},"activationEvent":"onStartupFinished"}
[2021-04-13 17:30:43.027] [exthost] [info] ExtensionService#loadCommonJSModule file:///root/.vscode/extensions/esbenp.prettier-vscode-6.3.2/dist/extension
[2021-04-13 17:30:46.351] [exthost] [warning] [Decorations] CAPPING events from decorations provider vscode.git 822
[2021-04-13 21:12:16.481] [exthost] [warning] [Decorations] CAPPING events from decorations provider vscode.git 826
[2021-04-13 21:12:17.805] [exthost] [error] [bmewburn.vscode-intelephense-client] provider FAILED
[2021-04-13 21:12:17.850] [exthost] [error] Canceled: Canceled
	at w.makeCancelError (/root/.vscode/extensions/bmewburn.vscode-intelephense-client-1.6.3/lib/extension.js:1:128320)
	at w.handleFailedRequest (/root/.vscode/extensions/bmewburn.vscode-intelephense-client-1.6.3/lib/extension.js:1:128171)
	at /root/.vscode/extensions/bmewburn.vscode-intelephense-client-1.6.3/lib/extension.js:1:88386
[2021-04-13 21:12:17.851] [exthost] [error] [bmewburn.vscode-intelephense-client] provider FAILED
[2021-04-13 21:12:17.851] [exthost] [error] Canceled: Canceled
	at w.makeCancelError (/root/.vscode/extensions/bmewburn.vscode-intelephense-client-1.6.3/lib/extension.js:1:128320)
	at w.handleFailedRequest (/root/.vscode/extensions/bmewburn.vscode-intelephense-client-1.6.3/lib/extension.js:1:128171)
	at /root/.vscode/extensions/bmewburn.vscode-intelephense-client-1.6.3/lib/extension.js:1:88386
	at runMicrotasks (<anonymous>)
	at runNextTicks (internal/process/task_queues.js:62:5)
	at processImmediate (internal/timers.js:429:9)
[2021-04-13 21:12:17.864] [exthost] [error] [bmewburn.vscode-intelephense-client] provider FAILED
[2021-04-13 21:12:17.865] [exthost] [error] Canceled: Canceled
	at w.makeCancelError (/root/.vscode/extensions/bmewburn.vscode-intelephense-client-1.6.3/lib/extension.js:1:128320)
	at w.handleFailedRequest (/root/.vscode/extensions/bmewburn.vscode-intelephense-client-1.6.3/lib/extension.js:1:128171)
	at /root/.vscode/extensions/bmewburn.vscode-intelephense-client-1.6.3/lib/extension.js:1:88386
[2021-04-13 21:12:17.865] [exthost] [error] [bmewburn.vscode-intelephense-client] provider FAILED
[2021-04-13 21:12:17.865] [exthost] [error] Canceled: Canceled
	at w.makeCancelError (/root/.vscode/extensions/bmewburn.vscode-intelephense-client-1.6.3/lib/extension.js:1:128320)
	at w.handleFailedRequest (/root/.vscode/extensions/bmewburn.vscode-intelephense-client-1.6.3/lib/extension.js:1:128171)
	at /root/.vscode/extensions/bmewburn.vscode-intelephense-client-1.6.3/lib/extension.js:1:88386
	at runMicrotasks (<anonymous>)
	at runNextTicks (internal/process/task_queues.js:62:5)
	at processImmediate (internal/timers.js:429:9)
[2021-04-13 21:12:33.767] [exthost] [warning] [Decorations] CAPPING events from decorations provider vscode.git 826
[2021-04-13 21:14:25.192] [exthost] [warning] [Decorations] CAPPING events from decorations provider vscode.git 826
[2021-04-13 21:15:07.195] [exthost] [warning] [Decorations] CAPPING events from decorations provider vscode.git 826
[2021-04-13 21:16:17.606] [exthost] [warning] [Decorations] CAPPING events from decorations provider vscode.git 826
[2021-04-13 21:17:55.837] [exthost] [warning] [Decorations] CAPPING events from decorations provider vscode.git 826
[2021-04-13 21:17:56.715] [exthost] [error] [bmewburn.vscode-intelephense-client] provider FAILED
[2021-04-13 21:17:56.716] [exthost] [error] Canceled: Canceled
	at w.makeCancelError (/root/.vscode/extensions/bmewburn.vscode-intelephense-client-1.6.3/lib/extension.js:1:128320)
	at w.handleFailedRequest (/root/.vscode/extensions/bmewburn.vscode-intelephense-client-1.6.3/lib/extension.js:1:128171)
	at /root/.vscode/extensions/bmewburn.vscode-intelephense-client-1.6.3/lib/extension.js:1:88386
	at runMicrotasks (<anonymous>)
	at runNextTicks (internal/process/task_queues.js:62:5)
	at processImmediate (internal/timers.js:429:9)
[2021-04-13 21:18:04.821] [exthost] [error] [bmewburn.vscode-intelephense-client] provider FAILED
[2021-04-13 21:18:04.822] [exthost] [error] Canceled: Canceled
	at w.makeCancelError (/root/.vscode/extensions/bmewburn.vscode-intelephense-client-1.6.3/lib/extension.js:1:128320)
	at w.handleFailedRequest (/root/.vscode/extensions/bmewburn.vscode-intelephense-client-1.6.3/lib/extension.js:1:128171)
	at /root/.vscode/extensions/bmewburn.vscode-intelephense-client-1.6.3/lib/extension.js:1:88386
[2021-04-13 21:18:54.168] [exthost] [warning] [Decorations] CAPPING events from decorations provider vscode.git 826
[2021-04-13 21:18:56.094] [exthost] [error] [bmewburn.vscode-intelephense-client] provider FAILED
[2021-04-13 21:18:56.095] [exthost] [error] Canceled: Canceled
	at w.makeCancelError (/root/.vscode/extensions/bmewburn.vscode-intelephense-client-1.6.3/lib/extension.js:1:128320)
	at w.handleFailedRequest (/root/.vscode/extensions/bmewburn.vscode-intelephense-client-1.6.3/lib/extension.js:1:128171)
	at /root/.vscode/extensions/bmewburn.vscode-intelephense-client-1.6.3/lib/extension.js:1:88386
	at runMicrotasks (<anonymous>)
	at runNextTicks (internal/process/task_queues.js:62:5)
	at processImmediate (internal/timers.js:429:9)
[2021-04-13 21:21:46.635] [exthost] [warning] [Decorations] CAPPING events from decorations provider vscode.git 826
[2021-04-13 21:22:09.851] [exthost] [warning] [Decorations] CAPPING events from decorations provider vscode.git 826
[2021-04-13 21:23:29.608] [exthost] [info] ExtensionService#_doActivateExtension vscode.typescript-language-features {"startup":false,"extensionId":{"value":"vscode.typescript-language-features","_lower":"vscode.typescript-language-features"},"activationEvent":"onLanguage:javascript"}
[2021-04-13 21:23:29.608] [exthost] [info] ExtensionService#loadCommonJSModule file:///usr/share/code/resources/app/extensions/typescript-language-features/dist/extension
[2021-04-13 21:24:17.059] [exthost] [warning] [Decorations] CAPPING events from decorations provider vscode.git 827
[2021-04-13 21:24:23.059] [exthost] [warning] [Decorations] CAPPING events from decorations provider vscode.git 827
[2021-04-13 21:24:35.302] [exthost] [warning] [Decorations] CAPPING events from decorations provider vscode.git 827
[2021-04-13 21:25:54.658] [exthost] [warning] [Decorations] CAPPING events from decorations provider vscode.git 827
[2021-04-13 21:26:11.872] [exthost] [warning] [Decorations] CAPPING events from decorations provider vscode.git 827
[2021-04-13 21:27:09.116] [exthost] [warning] [Decorations] CAPPING events from decorations provider vscode.git 827
[2021-04-13 21:27:43.569] [exthost] [warning] [Decorations] CAPPING events from decorations provider vscode.git 827
[2021-04-13 21:28:08.597] [exthost] [warning] [Decorations] CAPPING events from decorations provider vscode.git 827
[2021-04-13 21:28:58.176] [exthost] [warning] [Decorations] CAPPING events from decorations provider vscode.git 827
[2021-04-13 21:29:18.612] [exthost] [warning] [Decorations] CAPPING events from decorations provider vscode.git 827
[2021-04-13 21:39:12.525] [exthost] [warning] [Decorations] CAPPING events from decorations provider vscode.git 827
[2021-04-13 21:40:11.836] [exthost] [info] ExtensionService#_doActivateExtension vscode.css-language-features {"startup":false,"extensionId":{"value":"vscode.css-language-features","_lower":"vscode.css-language-features"},"activationEvent":"onLanguage:css"}
[2021-04-13 21:40:11.840] [exthost] [info] ExtensionService#loadCommonJSModule file:///usr/share/code/resources/app/extensions/css-language-features/client/dist/node/cssClientMain
[2021-04-13 21:40:17.498] [exthost] [warning] [Decorations] CAPPING events from decorations provider vscode.git 827
[2021-04-13 21:41:25.293] [exthost] [warning] [Decorations] CAPPING events from decorations provider vscode.git 828
[2021-04-13 21:41:54.380] [exthost] [warning] [Decorations] CAPPING events from decorations provider vscode.git 828
[2021-04-13 22:17:38.727] [exthost] [error] [bmewburn.vscode-intelephense-client] provider FAILED
[2021-04-13 22:17:38.787] [exthost] [error] Canceled: Canceled
	at w.makeCancelError (/root/.vscode/extensions/bmewburn.vscode-intelephense-client-1.6.3/lib/extension.js:1:128320)
	at w.handleFailedRequest (/root/.vscode/extensions/bmewburn.vscode-intelephense-client-1.6.3/lib/extension.js:1:128171)
	at /root/.vscode/extensions/bmewburn.vscode-intelephense-client-1.6.3/lib/extension.js:1:93044
[2021-04-13 22:17:57.385] [exthost] [warning] [Decorations] CAPPING events from decorations provider vscode.git 828
[2021-04-13 22:20:05.403] [exthost] [warning] [Decorations] CAPPING events from decorations provider vscode.git 828
[2021-04-13 22:20:45.922] [exthost] [info] ExtensionService#_doActivateExtension vscode.extension-editing {"startup":false,"extensionId":{"value":"vscode.extension-editing","_lower":"vscode.extension-editing"},"activationEvent":"onLanguage:typescript"}
[2021-04-13 22:20:45.936] [exthost] [info] ExtensionService#loadCommonJSModule file:///usr/share/code/resources/app/extensions/extension-editing/dist/extensionEditingMain
[2021-04-13 22:20:48.303] [exthost] [warning] [Decorations] CAPPING events from decorations provider vscode.git 828
[2021-04-13 22:23:35.155] [exthost] [warning] [Decorations] CAPPING events from decorations provider vscode.git 828
[2021-04-13 22:24:31.598] [exthost] [warning] [Decorations] CAPPING events from decorations provider vscode.git 828
[2021-04-13 22:24:37.154] [exthost] [warning] [Decorations] CAPPING events from decorations provider vscode.git 828
[2021-04-13 22:25:29.860] [exthost] [warning] [Decorations] CAPPING events from decorations provider vscode.git 828
[2021-04-13 22:33:18.989] [exthost] [warning] [Decorations] CAPPING events from decorations provider vscode.git 828
[2021-04-13 22:33:24.323] [exthost] [warning] [Decorations] CAPPING events from decorations provider vscode.git 828
[2021-04-13 22:35:02.511] [exthost] [warning] [Decorations] CAPPING events from decorations provider vscode.git 828
[2021-04-13 22:35:55.655] [exthost] [warning] [Decorations] CAPPING events from decorations provider vscode.git 828
