[2021-04-14 08:06:42.972] [exthost] [info] extension host started
[2021-04-14 08:06:43.260] [exthost] [info] ExtensionService#_doActivateExtension vscode.microsoft-authentication {"startup":false,"extensionId":{"value":"vscode.microsoft-authentication","_lower":"vscode.microsoft-authentication"},"activationEvent":"onAuthenticationRequest:microsoft"}
[2021-04-14 08:06:43.260] [exthost] [info] ExtensionService#loadCommonJSModule file:///usr/share/code/resources/app/extensions/microsoft-authentication/dist/extension.js
[2021-04-14 08:06:43.288] [exthost] [info] ExtensionService#_doActivateExtension vscode.php-language-features {"startup":false,"extensionId":{"value":"vscode.php-language-features","_lower":"vscode.php-language-features"},"activationEvent":"onLanguage:php"}
[2021-04-14 08:06:43.302] [exthost] [info] ExtensionService#loadCommonJSModule file:///usr/share/code/resources/app/extensions/php-language-features/dist/phpMain
[2021-04-14 08:06:43.332] [exthost] [info] ExtensionService#_doActivateExtension bmewburn.vscode-intelephense-client {"startup":false,"extensionId":{"value":"bmewburn.vscode-intelephense-client","_lower":"bmewburn.vscode-intelephense-client"},"activationEvent":"onLanguage:php"}
[2021-04-14 08:06:43.332] [exthost] [info] ExtensionService#loadCommonJSModule file:///root/.vscode/extensions/bmewburn.vscode-intelephense-client-1.6.3/lib/extension
[2021-04-14 08:06:43.399] [exthost] [info] ExtensionService#_doActivateExtension vscode.debug-auto-launch {"startup":true,"extensionId":{"value":"vscode.debug-auto-launch","_lower":"vscode.debug-auto-launch"},"activationEvent":"*"}
[2021-04-14 08:06:43.403] [exthost] [info] ExtensionService#loadCommonJSModule file:///usr/share/code/resources/app/extensions/debug-auto-launch/dist/extension
[2021-04-14 08:06:43.418] [exthost] [info] ExtensionService#_doActivateExtension vscode.git {"startup":true,"extensionId":{"value":"vscode.github","_lower":"vscode.github"},"activationEvent":"*"}
[2021-04-14 08:06:43.418] [exthost] [info] ExtensionService#loadCommonJSModule file:///usr/share/code/resources/app/extensions/git/dist/main
[2021-04-14 08:06:43.908] [exthost] [info] ExtensionService#_doActivateExtension vscode.github {"startup":true,"extensionId":{"value":"vscode.github","_lower":"vscode.github"},"activationEvent":"*"}
[2021-04-14 08:06:43.912] [exthost] [info] ExtensionService#loadCommonJSModule file:///usr/share/code/resources/app/extensions/github/dist/extension.js
[2021-04-14 08:06:43.920] [exthost] [info] ExtensionService#_doActivateExtension ms-vscode.js-debug {"startup":false,"extensionId":{"value":"ms-vscode.js-debug","_lower":"ms-vscode.js-debug"},"activationEvent":"onCommand:extension.js-debug.clearAutoAttachVariables"}
[2021-04-14 08:06:43.920] [exthost] [info] ExtensionService#loadCommonJSModule file:///usr/share/code/resources/app/extensions/ms-vscode.js-debug/src/extension.js
[2021-04-14 08:06:44.257] [exthost] [info] eager extensions activated
[2021-04-14 08:06:44.435] [exthost] [warning] [Decorations] CAPPING events from decorations provider vscode.git 838
[2021-04-14 08:06:44.482] [exthost] [info] ExtensionService#_doActivateExtension vscode.emmet {"startup":false,"extensionId":{"value":"vscode.emmet","_lower":"vscode.emmet"},"activationEvent":"onStartupFinished"}
[2021-04-14 08:06:44.483] [exthost] [info] ExtensionService#loadCommonJSModule file:///usr/share/code/resources/app/extensions/emmet/dist/node/emmetNodeMain
[2021-04-14 08:06:44.507] [exthost] [info] ExtensionService#_doActivateExtension vscode.merge-conflict {"startup":false,"extensionId":{"value":"vscode.merge-conflict","_lower":"vscode.merge-conflict"},"activationEvent":"onStartupFinished"}
[2021-04-14 08:06:44.507] [exthost] [info] ExtensionService#loadCommonJSModule file:///usr/share/code/resources/app/extensions/merge-conflict/dist/mergeConflictMain
[2021-04-14 08:06:44.522] [exthost] [info] ExtensionService#_doActivateExtension vscode.testing-editor-contributions {"startup":false,"extensionId":{"value":"vscode.testing-editor-contributions","_lower":"vscode.testing-editor-contributions"},"activationEvent":"onStartupFinished"}
[2021-04-14 08:06:44.522] [exthost] [info] ExtensionService#loadCommonJSModule file:///usr/share/code/resources/app/extensions/testing-editor-contributions/dist/extension.js
[2021-04-14 08:06:44.529] [exthost] [info] ExtensionService#_doActivateExtension esbenp.prettier-vscode {"startup":false,"extensionId":{"value":"esbenp.prettier-vscode","_lower":"esbenp.prettier-vscode"},"activationEvent":"onStartupFinished"}
[2021-04-14 08:06:44.531] [exthost] [info] ExtensionService#loadCommonJSModule file:///root/.vscode/extensions/esbenp.prettier-vscode-6.3.2/dist/extension
[2021-04-14 08:06:45.758] [exthost] [info] ExtensionService#_doActivateExtension vscode.github-authentication {"startup":false,"extensionId":{"value":"vscode.github-authentication","_lower":"vscode.github-authentication"},"activationEvent":"onAuthenticationRequest:github"}
[2021-04-14 08:06:45.758] [exthost] [info] ExtensionService#loadCommonJSModule file:///usr/share/code/resources/app/extensions/github-authentication/dist/extension.js
[2021-04-14 08:11:03.232] [exthost] [warning] [Decorations] CAPPING events from decorations provider vscode.git 841
[2021-04-14 08:19:08.387] [exthost] [warning] [Decorations] CAPPING events from decorations provider vscode.git 841
[2021-04-14 08:19:23.756] [exthost] [warning] [Decorations] CAPPING events from decorations provider vscode.git 841
[2021-04-14 08:56:07.378] [exthost] [warning] [Decorations] CAPPING events from decorations provider vscode.git 841
[2021-04-14 08:56:26.369] [exthost] [warning] [Decorations] CAPPING events from decorations provider vscode.git 841
[2021-04-14 08:56:37.542] [exthost] [warning] [Decorations] CAPPING events from decorations provider vscode.git 841
[2021-04-14 08:57:48.587] [exthost] [warning] [Decorations] CAPPING events from decorations provider vscode.git 841
[2021-04-14 08:59:26.208] [exthost] [warning] [Decorations] CAPPING events from decorations provider vscode.git 841
[2021-04-14 08:59:51.239] [exthost] [warning] [Decorations] CAPPING events from decorations provider vscode.git 841
[2021-04-14 09:00:42.930] [exthost] [warning] [Decorations] CAPPING events from decorations provider vscode.git 841
[2021-04-14 09:01:41.710] [exthost] [warning] [Decorations] CAPPING events from decorations provider vscode.git 841
[2021-04-14 09:02:04.738] [exthost] [warning] [Decorations] CAPPING events from decorations provider vscode.git 841
[2021-04-14 09:13:59.298] [exthost] [warning] [Decorations] CAPPING events from decorations provider vscode.git 841
[2021-04-14 09:15:27.253] [exthost] [warning] [Decorations] CAPPING events from decorations provider vscode.git 842
[2021-04-14 09:24:34.792] [exthost] [warning] [Decorations] CAPPING events from decorations provider vscode.git 842
[2021-04-14 09:28:05.485] [exthost] [warning] [Decorations] CAPPING events from decorations provider vscode.git 842
[2021-04-14 09:29:55.970] [exthost] [warning] [Decorations] CAPPING events from decorations provider vscode.git 842
[2021-04-14 09:30:01.145] [exthost] [warning] [Decorations] CAPPING events from decorations provider vscode.git 842
[2021-04-14 09:32:21.678] [exthost] [warning] [Decorations] CAPPING events from decorations provider vscode.git 842
[2021-04-14 09:33:28.356] [exthost] [warning] [Decorations] CAPPING events from decorations provider vscode.git 842
[2021-04-14 09:35:08.554] [exthost] [info] ExtensionService#_doActivateExtension vscode.extension-editing {"startup":false,"extensionId":{"value":"vscode.extension-editing","_lower":"vscode.extension-editing"},"activationEvent":"onLanguage:typescript"}
[2021-04-14 09:35:08.559] [exthost] [info] ExtensionService#loadCommonJSModule file:///usr/share/code/resources/app/extensions/extension-editing/dist/extensionEditingMain
[2021-04-14 09:35:08.742] [exthost] [info] ExtensionService#_doActivateExtension vscode.typescript-language-features {"startup":false,"extensionId":{"value":"vscode.typescript-language-features","_lower":"vscode.typescript-language-features"},"activationEvent":"onLanguage:typescript"}
[2021-04-14 09:35:08.743] [exthost] [info] ExtensionService#loadCommonJSModule file:///usr/share/code/resources/app/extensions/typescript-language-features/dist/extension
[2021-04-14 09:39:16.084] [exthost] [warning] [Decorations] CAPPING events from decorations provider vscode.git 842
[2021-04-14 09:39:49.000] [exthost] [warning] [Decorations] CAPPING events from decorations provider vscode.git 841
[2021-04-14 09:40:55.534] [exthost] [warning] [Decorations] CAPPING events from decorations provider vscode.git 841
[2021-04-14 09:41:03.701] [exthost] [error] [bmewburn.vscode-intelephense-client] provider FAILED
[2021-04-14 09:41:03.749] [exthost] [error] Canceled: Canceled
	at w.makeCancelError (/root/.vscode/extensions/bmewburn.vscode-intelephense-client-1.6.3/lib/extension.js:1:128320)
	at w.handleFailedRequest (/root/.vscode/extensions/bmewburn.vscode-intelephense-client-1.6.3/lib/extension.js:1:128171)
	at /root/.vscode/extensions/bmewburn.vscode-intelephense-client-1.6.3/lib/extension.js:1:93044
[2021-04-14 09:41:05.606] [exthost] [error] [bmewburn.vscode-intelephense-client] provider FAILED
[2021-04-14 09:41:05.606] [exthost] [error] Canceled: Canceled
	at w.makeCancelError (/root/.vscode/extensions/bmewburn.vscode-intelephense-client-1.6.3/lib/extension.js:1:128320)
	at w.handleFailedRequest (/root/.vscode/extensions/bmewburn.vscode-intelephense-client-1.6.3/lib/extension.js:1:128171)
	at /root/.vscode/extensions/bmewburn.vscode-intelephense-client-1.6.3/lib/extension.js:1:93044
[2021-04-14 09:41:52.363] [exthost] [warning] [Decorations] CAPPING events from decorations provider vscode.git 841
[2021-04-14 09:42:00.526] [exthost] [warning] [Decorations] CAPPING events from decorations provider vscode.git 841
[2021-04-14 09:42:08.058] [exthost] [warning] [Decorations] CAPPING events from decorations provider vscode.git 841
[2021-04-14 09:43:44.523] [exthost] [warning] [Decorations] CAPPING events from decorations provider vscode.git 841
[2021-04-14 09:47:14.481] [exthost] [warning] [Decorations] CAPPING events from decorations provider vscode.git 841
[2021-04-14 09:51:59.300] [exthost] [error] [bmewburn.vscode-intelephense-client] provider FAILED
[2021-04-14 09:51:59.405] [exthost] [error] Canceled: Canceled
	at w.makeCancelError (/root/.vscode/extensions/bmewburn.vscode-intelephense-client-1.6.3/lib/extension.js:1:128320)
	at w.handleFailedRequest (/root/.vscode/extensions/bmewburn.vscode-intelephense-client-1.6.3/lib/extension.js:1:128171)
	at /root/.vscode/extensions/bmewburn.vscode-intelephense-client-1.6.3/lib/extension.js:1:87592
	at async M.resolveCompletionItem (/usr/share/code/resources/app/out/vs/workbench/services/extensions/node/extensionHostProcess.js:86:171572)
[2021-04-14 09:53:10.665] [exthost] [warning] [Decorations] CAPPING events from decorations provider vscode.git 841
[2021-04-14 09:53:53.171] [exthost] [warning] [Decorations] CAPPING events from decorations provider vscode.git 841
[2021-04-14 09:55:36.191] [exthost] [warning] [Decorations] CAPPING events from decorations provider vscode.git 841
[2021-04-14 09:57:21.668] [exthost] [warning] [Decorations] CAPPING events from decorations provider vscode.git 841
[2021-04-14 09:58:28.913] [exthost] [warning] [Decorations] CAPPING events from decorations provider vscode.git 841
[2021-04-14 09:58:50.805] [exthost] [warning] [Decorations] CAPPING events from decorations provider vscode.git 841
[2021-04-14 09:59:33.168] [exthost] [warning] [Decorations] CAPPING events from decorations provider vscode.git 841
[2021-04-14 10:04:49.609] [exthost] [warning] [Decorations] CAPPING events from decorations provider vscode.git 841
[2021-04-14 10:05:18.448] [exthost] [warning] [Decorations] CAPPING events from decorations provider vscode.git 841
[2021-04-14 10:05:44.336] [exthost] [warning] [Decorations] CAPPING events from decorations provider vscode.git 841
[2021-04-14 10:10:23.851] [exthost] [error] [bmewburn.vscode-intelephense-client] provider FAILED
[2021-04-14 10:10:23.871] [exthost] [error] Canceled: Canceled
	at w.makeCancelError (/root/.vscode/extensions/bmewburn.vscode-intelephense-client-1.6.3/lib/extension.js:1:128320)
	at w.handleFailedRequest (/root/.vscode/extensions/bmewburn.vscode-intelephense-client-1.6.3/lib/extension.js:1:128171)
	at /root/.vscode/extensions/bmewburn.vscode-intelephense-client-1.6.3/lib/extension.js:1:93044
[2021-04-14 10:31:20.152] [exthost] [warning] [Decorations] CAPPING events from decorations provider vscode.git 841
[2021-04-14 10:31:23.440] [exthost] [error] [bmewburn.vscode-intelephense-client] provider FAILED
[2021-04-14 10:31:23.440] [exthost] [error] Canceled: Canceled
	at w.makeCancelError (/root/.vscode/extensions/bmewburn.vscode-intelephense-client-1.6.3/lib/extension.js:1:128320)
	at w.handleFailedRequest (/root/.vscode/extensions/bmewburn.vscode-intelephense-client-1.6.3/lib/extension.js:1:128171)
	at /root/.vscode/extensions/bmewburn.vscode-intelephense-client-1.6.3/lib/extension.js:1:93044
[2021-04-14 10:32:21.306] [exthost] [warning] [Decorations] CAPPING events from decorations provider vscode.git 841
[2021-04-14 10:32:40.475] [exthost] [warning] [Decorations] CAPPING events from decorations provider vscode.git 841
[2021-04-14 10:34:02.337] [exthost] [warning] [Decorations] CAPPING events from decorations provider vscode.git 841
[2021-04-14 10:34:39.395] [exthost] [warning] [Decorations] CAPPING events from decorations provider vscode.git 842
[2021-04-14 10:57:01.044] [exthost] [warning] [Decorations] CAPPING events from decorations provider vscode.git 842
[2021-04-14 10:57:38.952] [exthost] [warning] [Decorations] CAPPING events from decorations provider vscode.git 841
[2021-04-14 10:57:58.111] [exthost] [warning] [Decorations] CAPPING events from decorations provider vscode.git 841
[2021-04-14 10:58:04.702] [exthost] [warning] [Decorations] CAPPING events from decorations provider vscode.git 841
[2021-04-14 10:58:47.914] [exthost] [warning] [Decorations] CAPPING events from decorations provider vscode.git 841
[2021-04-14 10:59:08.299] [exthost] [warning] [Decorations] CAPPING events from decorations provider vscode.git 841
[2021-04-14 10:59:31.668] [exthost] [warning] [Decorations] CAPPING events from decorations provider vscode.git 841
[2021-04-14 10:59:37.683] [exthost] [warning] [Decorations] CAPPING events from decorations provider vscode.git 841
[2021-04-14 10:59:46.557] [exthost] [warning] [Decorations] CAPPING events from decorations provider vscode.git 841
[2021-04-14 10:59:56.999] [exthost] [warning] [Decorations] CAPPING events from decorations provider vscode.git 841
[2021-04-14 11:00:08.592] [exthost] [warning] [Decorations] CAPPING events from decorations provider vscode.git 841
[2021-04-14 11:00:20.892] [exthost] [warning] [Decorations] CAPPING events from decorations provider vscode.git 841
[2021-04-14 11:00:26.680] [exthost] [warning] [Decorations] CAPPING events from decorations provider vscode.git 841
[2021-04-14 11:00:44.108] [exthost] [warning] [Decorations] CAPPING events from decorations provider vscode.git 841
[2021-04-14 11:01:11.569] [exthost] [warning] [Decorations] CAPPING events from decorations provider vscode.git 841
[2021-04-14 11:01:39.338] [exthost] [warning] [Decorations] CAPPING events from decorations provider vscode.git 841
[2021-04-14 11:01:52.745] [exthost] [warning] [Decorations] CAPPING events from decorations provider vscode.git 841
[2021-04-14 11:02:32.126] [exthost] [warning] [Decorations] CAPPING events from decorations provider vscode.git 841
[2021-04-14 11:02:56.801] [exthost] [warning] [Decorations] CAPPING events from decorations provider vscode.git 841
[2021-04-14 11:03:58.421] [exthost] [warning] [Decorations] CAPPING events from decorations provider vscode.git 841
[2021-04-14 11:04:11.934] [exthost] [warning] [Decorations] CAPPING events from decorations provider vscode.git 841
[2021-04-14 11:04:20.305] [exthost] [warning] [Decorations] CAPPING events from decorations provider vscode.git 841
[2021-04-14 11:06:05.875] [exthost] [warning] [Decorations] CAPPING events from decorations provider vscode.git 841
[2021-04-14 11:06:11.045] [exthost] [warning] [Decorations] CAPPING events from decorations provider vscode.git 841
[2021-04-14 11:06:46.123] [exthost] [warning] [Decorations] CAPPING events from decorations provider vscode.git 841
[2021-04-14 11:07:12.346] [exthost] [warning] [Decorations] CAPPING events from decorations provider vscode.git 841
[2021-04-14 11:07:22.434] [exthost] [warning] [Decorations] CAPPING events from decorations provider vscode.git 841
[2021-04-14 11:07:52.471] [exthost] [warning] [Decorations] CAPPING events from decorations provider vscode.git 841
[2021-04-14 11:08:12.629] [exthost] [warning] [Decorations] CAPPING events from decorations provider vscode.git 841
[2021-04-14 11:08:32.287] [exthost] [warning] [Decorations] CAPPING events from decorations provider vscode.git 841
[2021-04-14 11:11:09.226] [exthost] [warning] [Decorations] CAPPING events from decorations provider vscode.git 841
[2021-04-14 11:11:29.975] [exthost] [warning] [Decorations] CAPPING events from decorations provider vscode.git 841
[2021-04-14 11:11:44.695] [exthost] [warning] [Decorations] CAPPING events from decorations provider vscode.git 841
[2021-04-14 11:12:15.179] [exthost] [warning] [Decorations] CAPPING events from decorations provider vscode.git 841
[2021-04-14 11:12:40.335] [exthost] [warning] [Decorations] CAPPING events from decorations provider vscode.git 841
[2021-04-14 11:13:16.087] [exthost] [warning] [Decorations] CAPPING events from decorations provider vscode.git 841
[2021-04-14 11:13:21.178] [exthost] [warning] [Decorations] CAPPING events from decorations provider vscode.git 841
[2021-04-14 11:13:34.729] [exthost] [warning] [Decorations] CAPPING events from decorations provider vscode.git 841
[2021-04-14 11:13:45.160] [exthost] [warning] [Decorations] CAPPING events from decorations provider vscode.git 841
[2021-04-14 11:14:14.884] [exthost] [warning] [Decorations] CAPPING events from decorations provider vscode.git 841
[2021-04-14 11:14:42.157] [exthost] [warning] [Decorations] CAPPING events from decorations provider vscode.git 841
[2021-04-14 11:15:38.468] [exthost] [warning] [Decorations] CAPPING events from decorations provider vscode.git 841
[2021-04-14 11:15:55.782] [exthost] [warning] [Decorations] CAPPING events from decorations provider vscode.git 841
[2021-04-14 11:16:05.645] [exthost] [warning] [Decorations] CAPPING events from decorations provider vscode.git 841
[2021-04-14 11:16:32.657] [exthost] [warning] [Decorations] CAPPING events from decorations provider vscode.git 841
[2021-04-14 11:16:37.783] [exthost] [warning] [Decorations] CAPPING events from decorations provider vscode.git 841
[2021-04-14 11:16:52.667] [exthost] [warning] [Decorations] CAPPING events from decorations provider vscode.git 841
[2021-04-14 11:17:00.181] [exthost] [warning] [Decorations] CAPPING events from decorations provider vscode.git 841
[2021-04-14 11:17:27.291] [exthost] [warning] [Decorations] CAPPING events from decorations provider vscode.git 841
[2021-04-14 11:19:33.793] [exthost] [warning] [Decorations] CAPPING events from decorations provider vscode.git 842
[2021-04-14 11:19:39.454] [exthost] [info] ExtensionService#_doActivateExtension vscode.image-preview {"startup":false,"extensionId":{"value":"vscode.image-preview","_lower":"vscode.image-preview"},"activationEvent":"onCustomEditor:imagePreview.previewEditor"}
[2021-04-14 11:19:39.460] [exthost] [info] ExtensionService#loadCommonJSModule file:///usr/share/code/resources/app/extensions/image-preview/dist/extension
[2021-04-14 11:22:09.267] [exthost] [warning] [Decorations] CAPPING events from decorations provider vscode.git 843
[2021-04-14 11:22:15.650] [exthost] [warning] [Decorations] CAPPING events from decorations provider vscode.git 843
[2021-04-14 11:22:28.639] [exthost] [warning] [Decorations] CAPPING events from decorations provider vscode.git 842
[2021-04-14 11:23:15.143] [exthost] [warning] [Decorations] CAPPING events from decorations provider vscode.git 842
[2021-04-14 11:23:58.780] [exthost] [warning] [Decorations] CAPPING events from decorations provider vscode.git 842
[2021-04-14 11:24:04.743] [exthost] [warning] [Decorations] CAPPING events from decorations provider vscode.git 842
[2021-04-14 11:24:11.513] [exthost] [warning] [Decorations] CAPPING events from decorations provider vscode.git 842
[2021-04-14 11:27:54.711] [exthost] [warning] [Decorations] CAPPING events from decorations provider vscode.git 842
[2021-04-14 11:28:08.788] [exthost] [warning] [Decorations] CAPPING events from decorations provider vscode.git 842
[2021-04-14 11:29:10.204] [exthost] [error] [bmewburn.vscode-intelephense-client] provider FAILED
[2021-04-14 11:29:10.212] [exthost] [error] Canceled: Canceled
	at w.makeCancelError (/root/.vscode/extensions/bmewburn.vscode-intelephense-client-1.6.3/lib/extension.js:1:128320)
	at w.handleFailedRequest (/root/.vscode/extensions/bmewburn.vscode-intelephense-client-1.6.3/lib/extension.js:1:128171)
	at /root/.vscode/extensions/bmewburn.vscode-intelephense-client-1.6.3/lib/extension.js:1:87592
	at async M.resolveCompletionItem (/usr/share/code/resources/app/out/vs/workbench/services/extensions/node/extensionHostProcess.js:86:171572)
[2021-04-14 11:31:28.809] [exthost] [error] [bmewburn.vscode-intelephense-client] provider FAILED
[2021-04-14 11:31:28.809] [exthost] [error] Canceled: Canceled
	at w.makeCancelError (/root/.vscode/extensions/bmewburn.vscode-intelephense-client-1.6.3/lib/extension.js:1:128320)
	at w.handleFailedRequest (/root/.vscode/extensions/bmewburn.vscode-intelephense-client-1.6.3/lib/extension.js:1:128171)
	at /root/.vscode/extensions/bmewburn.vscode-intelephense-client-1.6.3/lib/extension.js:1:87592
	at async M.resolveCompletionItem (/usr/share/code/resources/app/out/vs/workbench/services/extensions/node/extensionHostProcess.js:86:171572)
[2021-04-14 11:33:43.704] [exthost] [warning] [Decorations] CAPPING events from decorations provider vscode.git 842
[2021-04-14 11:34:09.662] [exthost] [warning] [Decorations] CAPPING events from decorations provider vscode.git 842
[2021-04-14 11:35:51.621] [exthost] [warning] [Decorations] CAPPING events from decorations provider vscode.git 842
[2021-04-14 11:40:54.787] [exthost] [warning] [Decorations] CAPPING events from decorations provider vscode.git 842
[2021-04-14 11:41:33.400] [exthost] [warning] [Decorations] CAPPING events from decorations provider vscode.git 842
[2021-04-14 11:42:23.611] [exthost] [warning] [Decorations] CAPPING events from decorations provider vscode.git 842
[2021-04-14 11:43:14.884] [exthost] [warning] [Decorations] CAPPING events from decorations provider vscode.git 842
[2021-04-14 11:43:20.867] [exthost] [warning] [Decorations] CAPPING events from decorations provider vscode.git 842
[2021-04-14 11:43:43.932] [exthost] [warning] [Decorations] CAPPING events from decorations provider vscode.git 842
[2021-04-14 11:44:38.234] [exthost] [warning] [Decorations] CAPPING events from decorations provider vscode.git 842
[2021-04-14 11:45:55.412] [exthost] [warning] [Decorations] CAPPING events from decorations provider vscode.git 842
[2021-04-14 11:46:53.660] [exthost] [warning] [Decorations] CAPPING events from decorations provider vscode.git 842
[2021-04-14 11:46:58.785] [exthost] [warning] [Decorations] CAPPING events from decorations provider vscode.git 842
[2021-04-14 11:48:02.874] [exthost] [warning] [Decorations] CAPPING events from decorations provider vscode.git 842
[2021-04-14 11:49:33.259] [exthost] [warning] [Decorations] CAPPING events from decorations provider vscode.git 842
[2021-04-14 11:50:06.322] [exthost] [warning] [Decorations] CAPPING events from decorations provider vscode.git 842
[2021-04-14 11:50:17.603] [exthost] [warning] [Decorations] CAPPING events from decorations provider vscode.git 842
[2021-04-14 11:51:09.727] [exthost] [warning] [Decorations] CAPPING events from decorations provider vscode.git 842
[2021-04-14 11:51:14.885] [exthost] [warning] [Decorations] CAPPING events from decorations provider vscode.git 842
[2021-04-14 11:51:27.539] [exthost] [warning] [Decorations] CAPPING events from decorations provider vscode.git 842
[2021-04-14 11:51:32.661] [exthost] [warning] [Decorations] CAPPING events from decorations provider vscode.git 842
[2021-04-14 11:52:29.015] [exthost] [warning] [Decorations] CAPPING events from decorations provider vscode.git 842
[2021-04-14 11:52:47.612] [exthost] [warning] [Decorations] CAPPING events from decorations provider vscode.git 842
[2021-04-14 11:52:56.092] [exthost] [warning] [Decorations] CAPPING events from decorations provider vscode.git 842
[2021-04-14 11:54:04.669] [exthost] [warning] [Decorations] CAPPING events from decorations provider vscode.git 842
[2021-04-14 11:54:45.303] [exthost] [warning] [Decorations] CAPPING events from decorations provider vscode.git 842
[2021-04-14 11:54:50.473] [exthost] [warning] [Decorations] CAPPING events from decorations provider vscode.git 842
[2021-04-14 11:54:55.633] [exthost] [warning] [Decorations] CAPPING events from decorations provider vscode.git 842
[2021-04-14 11:55:03.846] [exthost] [warning] [Decorations] CAPPING events from decorations provider vscode.git 842
[2021-04-14 11:55:08.968] [exthost] [warning] [Decorations] CAPPING events from decorations provider vscode.git 842
[2021-04-14 11:55:14.115] [exthost] [warning] [Decorations] CAPPING events from decorations provider vscode.git 842
[2021-04-14 11:55:30.578] [exthost] [warning] [Decorations] CAPPING events from decorations provider vscode.git 842
[2021-04-14 11:56:02.092] [exthost] [warning] [Decorations] CAPPING events from decorations provider vscode.git 842
[2021-04-14 11:56:17.418] [exthost] [warning] [Decorations] CAPPING events from decorations provider vscode.git 842
[2021-04-14 11:57:03.626] [exthost] [warning] [Decorations] CAPPING events from decorations provider vscode.git 842
[2021-04-14 11:59:09.582] [exthost] [warning] [Decorations] CAPPING events from decorations provider vscode.git 842
[2021-04-14 11:59:19.421] [exthost] [warning] [Decorations] CAPPING events from decorations provider vscode.git 842
[2021-04-14 12:00:32.324] [exthost] [warning] [Decorations] CAPPING events from decorations provider vscode.git 842
[2021-04-14 12:00:37.474] [exthost] [warning] [Decorations] CAPPING events from decorations provider vscode.git 842
[2021-04-14 12:01:42.023] [exthost] [warning] [Decorations] CAPPING events from decorations provider vscode.git 842
[2021-04-14 12:01:48.078] [exthost] [warning] [Decorations] CAPPING events from decorations provider vscode.git 842
[2021-04-14 12:04:15.361] [exthost] [warning] [Decorations] CAPPING events from decorations provider vscode.git 842
[2021-04-14 12:04:20.539] [exthost] [warning] [Decorations] CAPPING events from decorations provider vscode.git 842
[2021-04-14 12:05:10.916] [exthost] [warning] [Decorations] CAPPING events from decorations provider vscode.git 842
[2021-04-14 12:05:12.932] [exthost] [error] [bmewburn.vscode-intelephense-client] provider FAILED
[2021-04-14 12:05:12.934] [exthost] [error] Canceled: Canceled
	at w.makeCancelError (/root/.vscode/extensions/bmewburn.vscode-intelephense-client-1.6.3/lib/extension.js:1:128320)
	at w.handleFailedRequest (/root/.vscode/extensions/bmewburn.vscode-intelephense-client-1.6.3/lib/extension.js:1:128171)
	at /root/.vscode/extensions/bmewburn.vscode-intelephense-client-1.6.3/lib/extension.js:1:93044
[2021-04-14 12:06:35.659] [exthost] [warning] [Decorations] CAPPING events from decorations provider vscode.git 842
[2021-04-14 12:07:09.239] [exthost] [warning] [Decorations] CAPPING events from decorations provider vscode.git 842
[2021-04-14 12:19:18.783] [exthost] [warning] [Decorations] CAPPING events from decorations provider vscode.git 843
[2021-04-14 12:19:29.632] [exthost] [warning] [Decorations] CAPPING events from decorations provider vscode.git 843
[2021-04-14 12:28:06.873] [exthost] [warning] [Decorations] CAPPING events from decorations provider vscode.git 842
[2021-04-14 12:28:15.283] [exthost] [warning] [Decorations] CAPPING events from decorations provider vscode.git 842
[2021-04-14 12:28:41.485] [exthost] [warning] [Decorations] CAPPING events from decorations provider vscode.git 842
[2021-04-14 12:29:10.073] [exthost] [error] [bmewburn.vscode-intelephense-client] provider FAILED
[2021-04-14 12:29:10.075] [exthost] [error] Canceled: Canceled
	at w.makeCancelError (/root/.vscode/extensions/bmewburn.vscode-intelephense-client-1.6.3/lib/extension.js:1:128320)
	at w.handleFailedRequest (/root/.vscode/extensions/bmewburn.vscode-intelephense-client-1.6.3/lib/extension.js:1:128171)
	at /root/.vscode/extensions/bmewburn.vscode-intelephense-client-1.6.3/lib/extension.js:1:93044
[2021-04-14 12:29:38.390] [exthost] [warning] [Decorations] CAPPING events from decorations provider vscode.git 842
[2021-04-14 12:29:49.931] [exthost] [warning] [Decorations] CAPPING events from decorations provider vscode.git 842
[2021-04-14 12:30:01.020] [exthost] [warning] [Decorations] CAPPING events from decorations provider vscode.git 842
[2021-04-14 12:32:53.031] [exthost] [warning] [Decorations] CAPPING events from decorations provider vscode.git 842
[2021-04-14 12:36:11.608] [exthost] [warning] [Decorations] CAPPING events from decorations provider vscode.git 842
[2021-04-14 12:36:16.769] [exthost] [warning] [Decorations] CAPPING events from decorations provider vscode.git 842
[2021-04-14 12:36:21.897] [exthost] [warning] [Decorations] CAPPING events from decorations provider vscode.git 842
[2021-04-14 12:36:35.793] [exthost] [warning] [Decorations] CAPPING events from decorations provider vscode.git 842
[2021-04-14 12:38:03.888] [exthost] [warning] [Decorations] CAPPING events from decorations provider vscode.git 842
[2021-04-14 12:38:25.761] [exthost] [warning] [Decorations] CAPPING events from decorations provider vscode.git 843
[2021-04-14 12:38:38.080] [exthost] [warning] [Decorations] CAPPING events from decorations provider vscode.git 842
[2021-04-14 12:39:41.522] [exthost] [error] [bmewburn.vscode-intelephense-client] provider FAILED
[2021-04-14 12:39:41.528] [exthost] [error] Canceled: Canceled
	at w.makeCancelError (/root/.vscode/extensions/bmewburn.vscode-intelephense-client-1.6.3/lib/extension.js:1:128320)
	at w.handleFailedRequest (/root/.vscode/extensions/bmewburn.vscode-intelephense-client-1.6.3/lib/extension.js:1:128171)
	at /root/.vscode/extensions/bmewburn.vscode-intelephense-client-1.6.3/lib/extension.js:1:91986
[2021-04-14 12:40:04.140] [exthost] [warning] [Decorations] CAPPING events from decorations provider vscode.git 842
[2021-04-14 12:40:39.609] [exthost] [warning] [Decorations] CAPPING events from decorations provider vscode.git 842
[2021-04-14 12:40:56.418] [exthost] [warning] [Decorations] CAPPING events from decorations provider vscode.git 842
[2021-04-14 12:41:18.257] [exthost] [warning] [Decorations] CAPPING events from decorations provider vscode.git 842
[2021-04-14 12:41:40.307] [exthost] [warning] [Decorations] CAPPING events from decorations provider vscode.git 842
[2021-04-14 12:42:22.970] [exthost] [error] [bmewburn.vscode-intelephense-client] provider FAILED
[2021-04-14 12:42:22.972] [exthost] [error] Canceled: Canceled
	at w.makeCancelError (/root/.vscode/extensions/bmewburn.vscode-intelephense-client-1.6.3/lib/extension.js:1:128320)
	at w.handleFailedRequest (/root/.vscode/extensions/bmewburn.vscode-intelephense-client-1.6.3/lib/extension.js:1:128171)
	at /root/.vscode/extensions/bmewburn.vscode-intelephense-client-1.6.3/lib/extension.js:1:88386
[2021-04-14 12:42:31.943] [exthost] [warning] [Decorations] CAPPING events from decorations provider vscode.git 842
[2021-04-14 12:42:47.378] [exthost] [warning] [Decorations] CAPPING events from decorations provider vscode.git 842
