[Info  - 16:31:17.848] Starting TS Server 
[Info  - 16:31:17.849] Using tsserver from: /usr/share/code/resources/app/extensions/node_modules/typescript/lib/tsserver.js
[Info  - 16:31:17.850] <syntax> Forking...
[Info  - 16:31:17.871] <syntax> Starting...
[Info  - 16:31:17.872] <semantic> Forking...
[Info  - 16:31:17.877] <semantic> Starting...
[Info  - 16:41:09.169] TSServer exited
[Info  - 16:41:09.210] Starting TS Server 
[Info  - 16:41:09.211] Using tsserver from: /usr/share/code/resources/app/extensions/node_modules/typescript/lib/tsserver.js
[Info  - 16:41:09.456] <syntax> Forking...
[Info  - 16:41:09.614] <syntax> Starting...
[Info  - 16:41:09.618] <semantic> Forking...
[Info  - 16:41:09.636] <semantic> Starting...
[Info  - 17:07:51.568] TSServer exited
[Info  - 17:07:51.621] Starting TS Server 
[Info  - 17:07:51.621] Using tsserver from: /usr/share/code/resources/app/extensions/node_modules/typescript/lib/tsserver.js
[Info  - 17:07:52.122] <syntax> Forking...
[Info  - 17:07:52.272] <syntax> Starting...
[Info  - 17:07:52.275] <semantic> Forking...
[Info  - 17:07:52.305] <semantic> Starting...
